<?xml version="1.0" encoding="UTF-8"?>
<!-- Generated by org.testng.reporters.JUnitReportReporter -->
<testsuite hostname="DESKTOP-DAMB4Q8" failures="0" tests="8" name="testclass.VerifyHeader" time="149.779" errors="0" timestamp="2022-05-30T11:33:14 IST" skipped="0">
  <testcase classname="testclass.VerifyHeader" name="checklogin" time="22.192"/>
  <system-out/>
  <testcase classname="testclass.VerifyHeader" name="checklogin" time="20.783"/>
  <system-out/>
  <testcase classname="testclass.VerifyHeader" name="verifytasktab" time="17.071"/>
  <system-out/>
  <testcase classname="testclass.VerifyHeader" name="verifytasktab" time="16.850"/>
  <system-out/>
  <testcase classname="testclass.VerifyHeader" name="verifyreportstab" time="19.004"/>
  <system-out/>
  <testcase classname="testclass.VerifyHeader" name="verifyreportstab" time="19.285"/>
  <system-out/>
  <testcase classname="testclass.VerifyHeader" name="verifyuserstab" time="17.499"/>
  <system-out/>
  <testcase classname="testclass.VerifyHeader" name="verifyuserstab" time="17.095"/>
  <system-out/>
</testsuite> <!-- testclass.VerifyHeader -->
