<?xml version="1.0" encoding="UTF-8"?>
<!-- Generated by org.testng.reporters.JUnitReportReporter -->
<testsuite hostname="DESKTOP-DAMB4Q8" failures="0" tests="1" name="testclass.LoginTestClass" time="25.993" errors="0" timestamp="2022-05-21T20:03:33 IST" skipped="0">
  <testcase classname="testclass.LoginTestClass" name="checklogin" time="25.993"/>
  <system-out/>
</testsuite> <!-- testclass.LoginTestClass -->
